<?xml version="1.0" encoding="UTF-8" ?>
<testsuites>
 <testsuite name="ShoppingCart home page" timestamp="2017-05-27T13:05:25" hostname="localhost" time="4.146" errors="0" tests="1" skipped="0" disabled="0" failures="0">
  <testcase classname="ShoppingCart home page" name="should navigate from &quot;home form&quot; to &quot;userDetailsFrom&quot; when the &quot;Buy Now&quot; button is clicked" time="4.143" />
 </testsuite>
</testsuites>